[backblue.gif]
[fade.gif]
[index.html]
[gestion-de-reservas.netlify.app/inicio.css]
[gestion-de-reservas.netlify.app/registro/crearcuenta.html]
[gestion-de-reservas.netlify.app/index.html]
[gestion-de-reservas.netlify.app/login/iniciarsesion.html]
[gestion-de-reservas.netlify.app/doctores.jpg]
[gestion-de-reservas.netlify.app/inicio.css]
[gestion-de-reservas.netlify.app/index-2.html]
[gestion-de-reservas.netlify.app/registro/registro.css]
[gestion-de-reservas.netlify.app/registro/registro.js]
[unpkg.com/sweetalert/dist/sweetalert.min.8.delayed]
[gestion-de-reservas.netlify.app/registro/crearcuenta.html]
[unpkg.com/sweetalert@2.1.2/dist/sweetalert.min.js]
[gestion-de-reservas.netlify.app/login/iniciarsesion.css]
[gestion-de-reservas.netlify.app/login/iniciarsesion.html]
[gestion-de-reservas.netlify.app/registro/registro.css]
[gestion-de-reservas.netlify.app/login/iniciarsesion.css]
[gestion-de-reservas.netlify.app/login/iniciarsesion.js]
